<?xml version="1.0" encoding="UTF-8"?>
<testng-results skipped="0" failed="0" ignored="0" total="1" passed="1">
  <reporter-output>
  </reporter-output>
  <suite name="Default suite" duration-ms="11419" started-at="2021-02-10T16:31:52Z" finished-at="2021-02-10T16:32:04Z">
    <groups>
    </groups>
    <test name="Default test" duration-ms="11419" started-at="2021-02-10T16:31:52Z" finished-at="2021-02-10T16:32:04Z">
      <class name="com.selmavpro.Testscripts.Addingtocart">
        <test-method status="PASS" signature="openApp()[pri:0, instance:com.selmavpro.Testscripts.Addingtocart@5c3bd550]" name="openApp" is-config="true" duration-ms="6469" started-at="2021-02-10T16:31:52Z" finished-at="2021-02-10T16:31:59Z">
          <reporter-output>
          </reporter-output>
        </test-method> <!-- openApp -->
        <test-method status="PASS" signature="Testcase1()[pri:0, instance:com.selmavpro.Testscripts.Addingtocart@5c3bd550]" name="Testcase1" duration-ms="4099" started-at="2021-02-10T16:31:59Z" finished-at="2021-02-10T16:32:03Z">
          <reporter-output>
          </reporter-output>
        </test-method> <!-- Testcase1 -->
        <test-method status="PASS" signature="closeApp(org.testng.ITestResult)[pri:0, instance:com.selmavpro.Testscripts.Addingtocart@5c3bd550]" name="closeApp" is-config="true" duration-ms="792" started-at="2021-02-10T16:32:03Z" finished-at="2021-02-10T16:32:04Z">
          <params>
            <param index="0">
              <value>
                <![CDATA[[TestResult name=Testcase1 status=SUCCESS method=Addingtocart.Testcase1()[pri:0, instance:com.selmavpro.Testscripts.Addingtocart@5c3bd550] output={null}]]]>
              </value>
            </param>
          </params>
          <reporter-output>
          </reporter-output>
        </test-method> <!-- closeApp -->
      </class> <!-- com.selmavpro.Testscripts.Addingtocart -->
    </test> <!-- Default test -->
  </suite> <!-- Default suite -->
</testng-results>
